<?xml version="1.0" encoding="UTF-8"?>
<testng-results total="1" passed="1" failed="0" skipped="0">
  <reporter-output>
  </reporter-output>
  <suite started-at="2019-03-26T11:33:49Z" name="com.backbase.qa.regression.ComputerDBTest" finished-at="2019-03-26T11:33:58Z" duration-ms="9319">
    <groups>
    </groups>
    <test started-at="2019-03-26T11:33:49Z" name="Command line test" finished-at="2019-03-26T11:33:58Z" duration-ms="9319">
      <class name="com.backbase.qa.regression.ComputerDBTest">
        <test-method is-config="true" signature="setup()[pri:0, instance:com.backbase.qa.regression.ComputerDBTest@d4342c2]" started-at="2019-03-26T12:33:49Z" name="setup" finished-at="2019-03-26T12:33:57Z" duration-ms="7870" status="PASS">
          <reporter-output>
          </reporter-output>
        </test-method> <!-- setup -->
        <test-method signature="test()[pri:0, instance:com.backbase.qa.regression.ComputerDBTest@d4342c2]" started-at="2019-03-26T12:33:57Z" name="test" finished-at="2019-03-26T12:33:58Z" duration-ms="1427" status="PASS">
          <reporter-output>
          </reporter-output>
        </test-method> <!-- test -->
      </class> <!-- com.backbase.qa.regression.ComputerDBTest -->
    </test> <!-- Command line test -->
  </suite> <!-- com.backbase.qa.regression.ComputerDBTest -->
</testng-results>
